SafeRoute/app/build/intermediates/manifest_merge_blame_file/release/manifest-merger-blame-release-report.txt
1<?xml version="1.0" encoding="utf-8"?>
2<manifest xmlns:android="http://schemas.android.com/apk/res/android"
3    package="com.saferoute"
4    android:versionCode="1"
5    android:versionName="1.0.0" >
6
7    <uses-sdk
8        android:minSdkVersion="26"
9        android:targetSdkVersion="34" />
10
11    <!-- Permissions -->
12    <uses-permission android:name="android.permission.INTERNET" />
12-->src\main\AndroidManifest.xml:6:5-67
12-->src\main\AndroidManifest.xml:6:22-64
13    <uses-permission android:name="android.permission.ACCESS_FINE_LOCATION" />
13-->src\main\AndroidManifest.xml:7:5-79
13-->src\main\AndroidManifest.xml:7:22-76
14    <uses-permission android:name="android.permission.ACCESS_COARSE_LOCATION" />
14-->src\main\AndroidManifest.xml:8:5-81
14-->src\main\AndroidManifest.xml:8:22-78
15    <uses-permission android:name="android.permission.ACCESS_BACKGROUND_LOCATION" />
15-->src\main\AndroidManifest.xml:9:5-85
15-->src\main\AndroidManifest.xml:9:22-82
16    <uses-permission android:name="android.permission.FOREGROUND_SERVICE" />
16-->src\main\AndroidManifest.xml:10:5-77
16-->src\main\AndroidManifest.xml:10:22-74
17    <uses-permission android:name="android.permission.FOREGROUND_SERVICE_LOCATION" />
17-->src\main\AndroidManifest.xml:11:5-86
17-->src\main\AndroidManifest.xml:11:22-83
18    <uses-permission android:name="android.permission.SEND_SMS" />
18-->src\main\AndroidManifest.xml:12:5-67
18-->src\main\AndroidManifest.xml:12:22-64
19    <uses-permission android:name="android.permission.CALL_PHONE" />
19-->src\main\AndroidManifest.xml:13:5-69
19-->src\main\AndroidManifest.xml:13:22-66
20    <uses-permission android:name="android.permission.VIBRATE" />
20-->src\main\AndroidManifest.xml:14:5-66
20-->src\main\AndroidManifest.xml:14:22-63
21    <uses-permission android:name="android.permission.WAKE_LOCK" />
21-->src\main\AndroidManifest.xml:15:5-68
21-->src\main\AndroidManifest.xml:15:22-65
22    <uses-permission android:name="android.permission.RECEIVE_BOOT_COMPLETED" />
22-->src\main\AndroidManifest.xml:16:5-81
22-->src\main\AndroidManifest.xml:16:22-78
23    <uses-permission android:name="android.permission.BLUETOOTH" />
23-->src\main\AndroidManifest.xml:17:5-68
23-->src\main\AndroidManifest.xml:17:22-65
24    <uses-permission android:name="android.permission.BLUETOOTH_ADMIN" />
24-->src\main\AndroidManifest.xml:18:5-74
24-->src\main\AndroidManifest.xml:18:22-71
25    <uses-permission android:name="android.permission.BLUETOOTH_SCAN" />
25-->src\main\AndroidManifest.xml:19:5-73
25-->src\main\AndroidManifest.xml:19:22-70
26    <uses-permission android:name="android.permission.BLUETOOTH_CONNECT" />
26-->src\main\AndroidManifest.xml:20:5-76
26-->src\main\AndroidManifest.xml:20:22-73
27    <uses-permission android:name="android.permission.BLUETOOTH_ADVERTISE" />
27-->src\main\AndroidManifest.xml:21:5-78
27-->src\main\AndroidManifest.xml:21:22-75
28    <uses-permission android:name="android.permission.USE_BIOMETRIC" />
28-->src\main\AndroidManifest.xml:22:5-72
28-->src\main\AndroidManifest.xml:22:22-69
29    <uses-permission android:name="android.permission.USE_FINGERPRINT" />
29-->src\main\AndroidManifest.xml:23:5-74
29-->src\main\AndroidManifest.xml:23:22-71
30    <uses-permission android:name="android.permission.HIGH_SAMPLING_RATE_SENSORS" />
30-->src\main\AndroidManifest.xml:24:5-85
30-->src\main\AndroidManifest.xml:24:22-82
31    <uses-permission android:name="android.permission.POST_NOTIFICATIONS" />
31-->src\main\AndroidManifest.xml:25:5-77
31-->src\main\AndroidManifest.xml:25:22-74
32    <uses-permission android:name="android.permission.SYSTEM_ALERT_WINDOW" />
32-->src\main\AndroidManifest.xml:26:5-78
32-->src\main\AndroidManifest.xml:26:22-75
33
34    <!-- Hardware features -->
35    <uses-feature
35-->src\main\AndroidManifest.xml:29:5-31:36
36        android:name="android.hardware.bluetooth"
36-->src\main\AndroidManifest.xml:30:9-50
37        android:required="false" />
37-->src\main\AndroidManifest.xml:31:9-33
38    <uses-feature
38-->src\main\AndroidManifest.xml:32:5-34:36
39        android:name="android.hardware.bluetooth_le"
39-->src\main\AndroidManifest.xml:33:9-53
40        android:required="false" />
40-->src\main\AndroidManifest.xml:34:9-33
41    <uses-feature
41-->src\main\AndroidManifest.xml:35:5-37:36
42        android:name="android.hardware.location.gps"
42-->src\main\AndroidManifest.xml:36:9-53
43        android:required="false" />
43-->src\main\AndroidManifest.xml:37:9-33
44    <uses-feature
44-->src\main\AndroidManifest.xml:38:5-40:35
45        android:name="android.hardware.sensor.accelerometer"
45-->src\main\AndroidManifest.xml:39:9-61
46        android:required="true" />
46-->src\main\AndroidManifest.xml:40:9-32
47
48    <!-- Include required permissions for Google Maps API to run. -->
49    <uses-permission android:name="android.permission.ACCESS_NETWORK_STATE" />
49-->[com.google.android.gms:play-services-maps:18.2.0] AndroidManifest.xml:23:5-79
49-->[com.google.android.gms:play-services-maps:18.2.0] AndroidManifest.xml:23:22-76
50
51    <uses-feature
51-->[com.google.android.gms:play-services-maps:18.2.0] AndroidManifest.xml:26:5-28:35
52        android:glEsVersion="0x00020000"
52-->[com.google.android.gms:play-services-maps:18.2.0] AndroidManifest.xml:27:9-41
53        android:required="true" />
53-->[com.google.android.gms:play-services-maps:18.2.0] AndroidManifest.xml:28:9-32
54
55    <queries>
55-->[com.google.android.gms:play-services-maps:18.2.0] AndroidManifest.xml:30:5-34:15
56
57        <!-- Needs to be explicitly declared on Android R+ -->
58        <package android:name="com.google.android.apps.maps" />
58-->[com.google.android.gms:play-services-maps:18.2.0] AndroidManifest.xml:33:9-64
58-->[com.google.android.gms:play-services-maps:18.2.0] AndroidManifest.xml:33:18-61
59    </queries>
60
61    <permission
61-->[androidx.core:core:1.12.0] AndroidManifest.xml:22:5-24:47
62        android:name="com.saferoute.DYNAMIC_RECEIVER_NOT_EXPORTED_PERMISSION"
62-->[androidx.core:core:1.12.0] AndroidManifest.xml:23:9-81
63        android:protectionLevel="signature" />
63-->[androidx.core:core:1.12.0] AndroidManifest.xml:24:9-44
64
65    <uses-permission android:name="com.saferoute.DYNAMIC_RECEIVER_NOT_EXPORTED_PERMISSION" />
65-->[androidx.core:core:1.12.0] AndroidManifest.xml:26:5-97
65-->[androidx.core:core:1.12.0] AndroidManifest.xml:26:22-94
66
67    <application
67-->src\main\AndroidManifest.xml:42:5-108:19
68        android:name="com.saferoute.SafeRouteApplication"
68-->src\main\AndroidManifest.xml:43:9-45
69        android:allowBackup="true"
69-->src\main\AndroidManifest.xml:44:9-35
70        android:appComponentFactory="androidx.core.app.CoreComponentFactory"
70-->[androidx.core:core:1.12.0] AndroidManifest.xml:28:18-86
71        android:dataExtractionRules="@xml/data_extraction_rules"
71-->src\main\AndroidManifest.xml:45:9-65
72        android:extractNativeLibs="false"
73        android:fullBackupContent="@xml/backup_rules"
73-->src\main\AndroidManifest.xml:46:9-54
74        android:label="@string/app_name"
74-->src\main\AndroidManifest.xml:47:9-41
75        android:supportsRtl="true"
75-->src\main\AndroidManifest.xml:48:9-35
76        android:theme="@style/Theme.SafeRoute" >
76-->src\main\AndroidManifest.xml:49:9-47
77
78        <!-- Main Activity -->
79        <activity
79-->src\main\AndroidManifest.xml:53:9-64:20
80            android:name="com.saferoute.presentation.MainActivity"
80-->src\main\AndroidManifest.xml:54:13-54
81            android:exported="true"
81-->src\main\AndroidManifest.xml:55:13-36
82            android:launchMode="singleTask"
82-->src\main\AndroidManifest.xml:56:13-44
83            android:screenOrientation="portrait"
83-->src\main\AndroidManifest.xml:57:13-49
84            android:theme="@style/Theme.SafeRoute"
84-->src\main\AndroidManifest.xml:58:13-51
85            android:windowSoftInputMode="adjustResize" >
85-->src\main\AndroidManifest.xml:59:13-55
86            <intent-filter>
86-->src\main\AndroidManifest.xml:60:13-63:29
87                <action android:name="android.intent.action.MAIN" />
87-->src\main\AndroidManifest.xml:61:17-69
87-->src\main\AndroidManifest.xml:61:25-66
88
89                <category android:name="android.intent.category.LAUNCHER" />
89-->src\main\AndroidManifest.xml:62:17-77
89-->src\main\AndroidManifest.xml:62:27-74
90            </intent-filter>
91        </activity>
92
93        <!-- Fall Detection Service -->
94        <service
94-->src\main\AndroidManifest.xml:67:9-71:56
95            android:name="com.saferoute.service.FallDetectionService"
95-->src\main\AndroidManifest.xml:68:13-57
96            android:enabled="true"
96-->src\main\AndroidManifest.xml:69:13-35
97            android:exported="false"
97-->src\main\AndroidManifest.xml:70:13-37
98            android:foregroundServiceType="location" />
98-->src\main\AndroidManifest.xml:71:13-53
99
100        <!-- Location Tracking Service -->
101        <service
101-->src\main\AndroidManifest.xml:74:9-78:56
102            android:name="com.saferoute.service.LocationTrackingService"
102-->src\main\AndroidManifest.xml:75:13-60
103            android:enabled="true"
103-->src\main\AndroidManifest.xml:76:13-35
104            android:exported="false"
104-->src\main\AndroidManifest.xml:77:13-37
105            android:foregroundServiceType="location" />
105-->src\main\AndroidManifest.xml:78:13-53
106
107        <!-- Bluetooth Service -->
108        <service
108-->src\main\AndroidManifest.xml:81:9-84:40
109            android:name="com.saferoute.service.BluetoothService"
109-->src\main\AndroidManifest.xml:82:13-53
110            android:enabled="true"
110-->src\main\AndroidManifest.xml:83:13-35
111            android:exported="false" />
111-->src\main\AndroidManifest.xml:84:13-37
112
113        <!-- SOS Alert Service -->
114        <service
114-->src\main\AndroidManifest.xml:87:9-91:56
115            android:name="com.saferoute.service.SOSAlertService"
115-->src\main\AndroidManifest.xml:88:13-52
116            android:enabled="true"
116-->src\main\AndroidManifest.xml:89:13-35
117            android:exported="false"
117-->src\main\AndroidManifest.xml:90:13-37
118            android:foregroundServiceType="location" />
118-->src\main\AndroidManifest.xml:91:13-53
119
120        <!-- Boot Receiver -->
121        <receiver
121-->src\main\AndroidManifest.xml:94:9-101:20
122            android:name="com.saferoute.service.BootReceiver"
122-->src\main\AndroidManifest.xml:95:13-49
123            android:enabled="true"
123-->src\main\AndroidManifest.xml:96:13-35
124            android:exported="true" >
124-->src\main\AndroidManifest.xml:97:13-36
125            <intent-filter>
125-->src\main\AndroidManifest.xml:98:13-100:29
126                <action android:name="android.intent.action.BOOT_COMPLETED" />
126-->src\main\AndroidManifest.xml:99:17-79
126-->src\main\AndroidManifest.xml:99:25-76
127            </intent-filter>
128        </receiver>
129
130        <!-- Google Maps API Key -->
131        <meta-data
131-->src\main\AndroidManifest.xml:104:9-106:49
132            android:name="com.google.android.geo.API_KEY"
132-->src\main\AndroidManifest.xml:105:13-58
133            android:value="YOUR_API_KEY_HERE" />
133-->src\main\AndroidManifest.xml:106:13-46
134
135        <!-- Needs to be explicitly declared on P+ -->
136        <uses-library
136-->[com.google.android.gms:play-services-maps:18.2.0] AndroidManifest.xml:39:9-41:40
137            android:name="org.apache.http.legacy"
137-->[com.google.android.gms:play-services-maps:18.2.0] AndroidManifest.xml:40:13-50
138            android:required="false" />
138-->[com.google.android.gms:play-services-maps:18.2.0] AndroidManifest.xml:41:13-37
139
140        <activity
140-->[com.google.android.gms:play-services-auth:20.7.0] AndroidManifest.xml:23:9-27:75
141            android:name="com.google.android.gms.auth.api.signin.internal.SignInHubActivity"
141-->[com.google.android.gms:play-services-auth:20.7.0] AndroidManifest.xml:24:13-93
142            android:excludeFromRecents="true"
142-->[com.google.android.gms:play-services-auth:20.7.0] AndroidManifest.xml:25:13-46
143            android:exported="false"
143-->[com.google.android.gms:play-services-auth:20.7.0] AndroidManifest.xml:26:13-37
144            android:theme="@android:style/Theme.Translucent.NoTitleBar" />
144-->[com.google.android.gms:play-services-auth:20.7.0] AndroidManifest.xml:27:13-72
145        <!--
146            Service handling Google Sign-In user revocation. For apps that do not integrate with
147            Google Sign-In, this service will never be started.
148        -->
149        <service
149-->[com.google.android.gms:play-services-auth:20.7.0] AndroidManifest.xml:33:9-37:51
150            android:name="com.google.android.gms.auth.api.signin.RevocationBoundService"
150-->[com.google.android.gms:play-services-auth:20.7.0] AndroidManifest.xml:34:13-89
151            android:exported="true"
151-->[com.google.android.gms:play-services-auth:20.7.0] AndroidManifest.xml:35:13-36
152            android:permission="com.google.android.gms.auth.api.signin.permission.REVOCATION_NOTIFICATION"
152-->[com.google.android.gms:play-services-auth:20.7.0] AndroidManifest.xml:36:13-107
153            android:visibleToInstantApps="true" />
153-->[com.google.android.gms:play-services-auth:20.7.0] AndroidManifest.xml:37:13-48
154
155        <activity
155-->[com.google.android.gms:play-services-base:18.1.0] AndroidManifest.xml:20:9-22:45
156            android:name="com.google.android.gms.common.api.GoogleApiActivity"
156-->[com.google.android.gms:play-services-base:18.1.0] AndroidManifest.xml:20:19-85
157            android:exported="false"
157-->[com.google.android.gms:play-services-base:18.1.0] AndroidManifest.xml:22:19-43
158            android:theme="@android:style/Theme.Translucent.NoTitleBar" />
158-->[com.google.android.gms:play-services-base:18.1.0] AndroidManifest.xml:21:19-78
159
160        <provider
160-->[androidx.work:work-runtime:2.9.0] AndroidManifest.xml:29:9-37:20
161            android:name="androidx.startup.InitializationProvider"
161-->[androidx.work:work-runtime:2.9.0] AndroidManifest.xml:30:13-67
162            android:authorities="com.saferoute.androidx-startup"
162-->[androidx.work:work-runtime:2.9.0] AndroidManifest.xml:31:13-68
163            android:exported="false" >
163-->[androidx.work:work-runtime:2.9.0] AndroidManifest.xml:32:13-37
164            <meta-data
164-->[androidx.work:work-runtime:2.9.0] AndroidManifest.xml:34:13-36:52
165                android:name="androidx.work.WorkManagerInitializer"
165-->[androidx.work:work-runtime:2.9.0] AndroidManifest.xml:35:17-68
166                android:value="androidx.startup" />
166-->[androidx.work:work-runtime:2.9.0] AndroidManifest.xml:36:17-49
167            <meta-data
167-->[androidx.emoji2:emoji2:1.3.0] AndroidManifest.xml:29:13-31:52
168                android:name="androidx.emoji2.text.EmojiCompatInitializer"
168-->[androidx.emoji2:emoji2:1.3.0] AndroidManifest.xml:30:17-75
169                android:value="androidx.startup" />
169-->[androidx.emoji2:emoji2:1.3.0] AndroidManifest.xml:31:17-49
170            <meta-data
170-->[androidx.lifecycle:lifecycle-process:2.6.2] AndroidManifest.xml:29:13-31:52
171                android:name="androidx.lifecycle.ProcessLifecycleInitializer"
171-->[androidx.lifecycle:lifecycle-process:2.6.2] AndroidManifest.xml:30:17-78
172                android:value="androidx.startup" />
172-->[androidx.lifecycle:lifecycle-process:2.6.2] AndroidManifest.xml:31:17-49
173            <meta-data
173-->[androidx.profileinstaller:profileinstaller:1.3.0] AndroidManifest.xml:29:13-31:52
174                android:name="androidx.profileinstaller.ProfileInstallerInitializer"
174-->[androidx.profileinstaller:profileinstaller:1.3.0] AndroidManifest.xml:30:17-85
175                android:value="androidx.startup" />
175-->[androidx.profileinstaller:profileinstaller:1.3.0] AndroidManifest.xml:31:17-49
176        </provider>
177
178        <service
178-->[androidx.work:work-runtime:2.9.0] AndroidManifest.xml:39:9-45:35
179            android:name="androidx.work.impl.background.systemalarm.SystemAlarmService"
179-->[androidx.work:work-runtime:2.9.0] AndroidManifest.xml:40:13-88
180            android:directBootAware="false"
180-->[androidx.work:work-runtime:2.9.0] AndroidManifest.xml:41:13-44
181            android:enabled="@bool/enable_system_alarm_service_default"
181-->[androidx.work:work-runtime:2.9.0] AndroidManifest.xml:42:13-72
182            android:exported="false" />
182-->[androidx.work:work-runtime:2.9.0] AndroidManifest.xml:43:13-37
183        <service
183-->[androidx.work:work-runtime:2.9.0] AndroidManifest.xml:46:9-52:35
184            android:name="androidx.work.impl.background.systemjob.SystemJobService"
184-->[androidx.work:work-runtime:2.9.0] AndroidManifest.xml:47:13-84
185            android:directBootAware="false"
185-->[androidx.work:work-runtime:2.9.0] AndroidManifest.xml:48:13-44
186            android:enabled="@bool/enable_system_job_service_default"
186-->[androidx.work:work-runtime:2.9.0] AndroidManifest.xml:49:13-70
187            android:exported="true"
187-->[androidx.work:work-runtime:2.9.0] AndroidManifest.xml:50:13-36
188            android:permission="android.permission.BIND_JOB_SERVICE" />
188-->[androidx.work:work-runtime:2.9.0] AndroidManifest.xml:51:13-69
189        <service
189-->[androidx.work:work-runtime:2.9.0] AndroidManifest.xml:53:9-59:35
190            android:name="androidx.work.impl.foreground.SystemForegroundService"
190-->[androidx.work:work-runtime:2.9.0] AndroidManifest.xml:54:13-81
191            android:directBootAware="false"
191-->[androidx.work:work-runtime:2.9.0] AndroidManifest.xml:55:13-44
192            android:enabled="@bool/enable_system_foreground_service_default"
192-->[androidx.work:work-runtime:2.9.0] AndroidManifest.xml:56:13-77
193            android:exported="false" />
193-->[androidx.work:work-runtime:2.9.0] AndroidManifest.xml:57:13-37
194
195        <receiver
195-->[androidx.work:work-runtime:2.9.0] AndroidManifest.xml:61:9-66:35
196            android:name="androidx.work.impl.utils.ForceStopRunnable$BroadcastReceiver"
196-->[androidx.work:work-runtime:2.9.0] AndroidManifest.xml:62:13-88
197            android:directBootAware="false"
197-->[androidx.work:work-runtime:2.9.0] AndroidManifest.xml:63:13-44
198            android:enabled="true"
198-->[androidx.work:work-runtime:2.9.0] AndroidManifest.xml:64:13-35
199            android:exported="false" />
199-->[androidx.work:work-runtime:2.9.0] AndroidManifest.xml:65:13-37
200        <receiver
200-->[androidx.work:work-runtime:2.9.0] AndroidManifest.xml:67:9-77:20
201            android:name="androidx.work.impl.background.systemalarm.ConstraintProxy$BatteryChargingProxy"
201-->[androidx.work:work-runtime:2.9.0] AndroidManifest.xml:68:13-106
202            android:directBootAware="false"
202-->[androidx.work:work-runtime:2.9.0] AndroidManifest.xml:69:13-44
203            android:enabled="false"
203-->[androidx.work:work-runtime:2.9.0] AndroidManifest.xml:70:13-36
204            android:exported="false" >
204-->[androidx.work:work-runtime:2.9.0] AndroidManifest.xml:71:13-37
205            <intent-filter>
205-->[androidx.work:work-runtime:2.9.0] AndroidManifest.xml:73:13-76:29
206                <action android:name="android.intent.action.ACTION_POWER_CONNECTED" />
206-->[androidx.work:work-runtime:2.9.0] AndroidManifest.xml:74:17-87
206-->[androidx.work:work-runtime:2.9.0] AndroidManifest.xml:74:25-84
207                <action android:name="android.intent.action.ACTION_POWER_DISCONNECTED" />
207-->[androidx.work:work-runtime:2.9.0] AndroidManifest.xml:75:17-90
207-->[androidx.work:work-runtime:2.9.0] AndroidManifest.xml:75:25-87
208            </intent-filter>
209        </receiver>
210        <receiver
210-->[androidx.work:work-runtime:2.9.0] AndroidManifest.xml:78:9-88:20
211            android:name="androidx.work.impl.background.systemalarm.ConstraintProxy$BatteryNotLowProxy"
211-->[androidx.work:work-runtime:2.9.0] AndroidManifest.xml:79:13-104
212            android:directBootAware="false"
212-->[androidx.work:work-runtime:2.9.0] AndroidManifest.xml:80:13-44
213            android:enabled="false"
213-->[androidx.work:work-runtime:2.9.0] AndroidManifest.xml:81:13-36
214            android:exported="false" >
214-->[androidx.work:work-runtime:2.9.0] AndroidManifest.xml:82:13-37
215            <intent-filter>
215-->[androidx.work:work-runtime:2.9.0] AndroidManifest.xml:84:13-87:29
216                <action android:name="android.intent.action.BATTERY_OKAY" />
216-->[androidx.work:work-runtime:2.9.0] AndroidManifest.xml:85:17-77
216-->[androidx.work:work-runtime:2.9.0] AndroidManifest.xml:85:25-74
217                <action android:name="android.intent.action.BATTERY_LOW" />
217-->[androidx.work:work-runtime:2.9.0] AndroidManifest.xml:86:17-76
217-->[androidx.work:work-runtime:2.9.0] AndroidManifest.xml:86:25-73
218            </intent-filter>
219        </receiver>
220        <receiver
220-->[androidx.work:work-runtime:2.9.0] AndroidManifest.xml:89:9-99:20
221            android:name="androidx.work.impl.background.systemalarm.ConstraintProxy$StorageNotLowProxy"
221-->[androidx.work:work-runtime:2.9.0] AndroidManifest.xml:90:13-104
222            android:directBootAware="false"
222-->[androidx.work:work-runtime:2.9.0] AndroidManifest.xml:91:13-44
223            android:enabled="false"
223-->[androidx.work:work-runtime:2.9.0] AndroidManifest.xml:92:13-36
224            android:exported="false" >
224-->[androidx.work:work-runtime:2.9.0] AndroidManifest.xml:93:13-37
225            <intent-filter>
225-->[androidx.work:work-runtime:2.9.0] AndroidManifest.xml:95:13-98:29
226                <action android:name="android.intent.action.DEVICE_STORAGE_LOW" />
226-->[androidx.work:work-runtime:2.9.0] AndroidManifest.xml:96:17-83
226-->[androidx.work:work-runtime:2.9.0] AndroidManifest.xml:96:25-80
227                <action android:name="android.intent.action.DEVICE_STORAGE_OK" />
227-->[androidx.work:work-runtime:2.9.0] AndroidManifest.xml:97:17-82
227-->[androidx.work:work-runtime:2.9.0] AndroidManifest.xml:97:25-79
228            </intent-filter>
229        </receiver>
230        <receiver
230-->[androidx.work:work-runtime:2.9.0] AndroidManifest.xml:100:9-109:20
231            android:name="androidx.work.impl.background.systemalarm.ConstraintProxy$NetworkStateProxy"
231-->[androidx.work:work-runtime:2.9.0] AndroidManifest.xml:101:13-103
232            android:directBootAware="false"
232-->[androidx.work:work-runtime:2.9.0] AndroidManifest.xml:102:13-44
233            android:enabled="false"
233-->[androidx.work:work-runtime:2.9.0] AndroidManifest.xml:103:13-36
234            android:exported="false" >
234-->[androidx.work:work-runtime:2.9.0] AndroidManifest.xml:104:13-37
235            <intent-filter>
235-->[androidx.work:work-runtime:2.9.0] AndroidManifest.xml:106:13-108:29
236                <action android:name="android.net.conn.CONNECTIVITY_CHANGE" />
236-->[androidx.work:work-runtime:2.9.0] AndroidManifest.xml:107:17-79
236-->[androidx.work:work-runtime:2.9.0] AndroidManifest.xml:107:25-76
237            </intent-filter>
238        </receiver>
239        <receiver
239-->[androidx.work:work-runtime:2.9.0] AndroidManifest.xml:110:9-121:20
240            android:name="androidx.work.impl.background.systemalarm.RescheduleReceiver"
240-->[androidx.work:work-runtime:2.9.0] AndroidManifest.xml:111:13-88
241            android:directBootAware="false"
241-->[androidx.work:work-runtime:2.9.0] AndroidManifest.xml:112:13-44
242            android:enabled="false"
242-->[androidx.work:work-runtime:2.9.0] AndroidManifest.xml:113:13-36
243            android:exported="false" >
243-->[androidx.work:work-runtime:2.9.0] AndroidManifest.xml:114:13-37
244            <intent-filter>
244-->[androidx.work:work-runtime:2.9.0] AndroidManifest.xml:116:13-120:29
245                <action android:name="android.intent.action.BOOT_COMPLETED" />
245-->src\main\AndroidManifest.xml:99:17-79
245-->src\main\AndroidManifest.xml:99:25-76
246                <action android:name="android.intent.action.TIME_SET" />
246-->[androidx.work:work-runtime:2.9.0] AndroidManifest.xml:118:17-73
246-->[androidx.work:work-runtime:2.9.0] AndroidManifest.xml:118:25-70
247                <action android:name="android.intent.action.TIMEZONE_CHANGED" />
247-->[androidx.work:work-runtime:2.9.0] AndroidManifest.xml:119:17-81
247-->[androidx.work:work-runtime:2.9.0] AndroidManifest.xml:119:25-78
248            </intent-filter>
249        </receiver>
250        <receiver
250-->[androidx.work:work-runtime:2.9.0] AndroidManifest.xml:122:9-131:20
251            android:name="androidx.work.impl.background.systemalarm.ConstraintProxyUpdateReceiver"
251-->[androidx.work:work-runtime:2.9.0] AndroidManifest.xml:123:13-99
252            android:directBootAware="false"
252-->[androidx.work:work-runtime:2.9.0] AndroidManifest.xml:124:13-44
253            android:enabled="@bool/enable_system_alarm_service_default"
253-->[androidx.work:work-runtime:2.9.0] AndroidManifest.xml:125:13-72
254            android:exported="false" >
254-->[androidx.work:work-runtime:2.9.0] AndroidManifest.xml:126:13-37
255            <intent-filter>
255-->[androidx.work:work-runtime:2.9.0] AndroidManifest.xml:128:13-130:29
256                <action android:name="androidx.work.impl.background.systemalarm.UpdateProxies" />
256-->[androidx.work:work-runtime:2.9.0] AndroidManifest.xml:129:17-98
256-->[androidx.work:work-runtime:2.9.0] AndroidManifest.xml:129:25-95
257            </intent-filter>
258        </receiver>
259        <receiver
259-->[androidx.work:work-runtime:2.9.0] AndroidManifest.xml:132:9-142:20
260            android:name="androidx.work.impl.diagnostics.DiagnosticsReceiver"
260-->[androidx.work:work-runtime:2.9.0] AndroidManifest.xml:133:13-78
261            android:directBootAware="false"
261-->[androidx.work:work-runtime:2.9.0] AndroidManifest.xml:134:13-44
262            android:enabled="true"
262-->[androidx.work:work-runtime:2.9.0] AndroidManifest.xml:135:13-35
263            android:exported="true"
263-->[androidx.work:work-runtime:2.9.0] AndroidManifest.xml:136:13-36
264            android:permission="android.permission.DUMP" >
264-->[androidx.work:work-runtime:2.9.0] AndroidManifest.xml:137:13-57
265            <intent-filter>
265-->[androidx.work:work-runtime:2.9.0] AndroidManifest.xml:139:13-141:29
266                <action android:name="androidx.work.diagnostics.REQUEST_DIAGNOSTICS" />
266-->[androidx.work:work-runtime:2.9.0] AndroidManifest.xml:140:17-88
266-->[androidx.work:work-runtime:2.9.0] AndroidManifest.xml:140:25-85
267            </intent-filter>
268        </receiver>
269
270        <service
270-->[androidx.room:room-runtime:2.6.1] AndroidManifest.xml:24:9-28:63
271            android:name="androidx.room.MultiInstanceInvalidationService"
271-->[androidx.room:room-runtime:2.6.1] AndroidManifest.xml:25:13-74
272            android:directBootAware="true"
272-->[androidx.room:room-runtime:2.6.1] AndroidManifest.xml:26:13-43
273            android:exported="false" />
273-->[androidx.room:room-runtime:2.6.1] AndroidManifest.xml:27:13-37
274
275        <meta-data
275-->[com.google.android.gms:play-services-basement:18.2.0] AndroidManifest.xml:21:9-23:69
276            android:name="com.google.android.gms.version"
276-->[com.google.android.gms:play-services-basement:18.2.0] AndroidManifest.xml:22:13-58
277            android:value="@integer/google_play_services_version" />
277-->[com.google.android.gms:play-services-basement:18.2.0] AndroidManifest.xml:23:13-66
278
279        <receiver
279-->[androidx.profileinstaller:profileinstaller:1.3.0] AndroidManifest.xml:34:9-52:20
280            android:name="androidx.profileinstaller.ProfileInstallReceiver"
280-->[androidx.profileinstaller:profileinstaller:1.3.0] AndroidManifest.xml:35:13-76
281            android:directBootAware="false"
281-->[androidx.profileinstaller:profileinstaller:1.3.0] AndroidManifest.xml:36:13-44
282            android:enabled="true"
282-->[androidx.profileinstaller:profileinstaller:1.3.0] AndroidManifest.xml:37:13-35
283            android:exported="true"
283-->[androidx.profileinstaller:profileinstaller:1.3.0] AndroidManifest.xml:38:13-36
284            android:permission="android.permission.DUMP" >
284-->[androidx.profileinstaller:profileinstaller:1.3.0] AndroidManifest.xml:39:13-57
285            <intent-filter>
285-->[androidx.profileinstaller:profileinstaller:1.3.0] AndroidManifest.xml:40:13-42:29
286                <action android:name="androidx.profileinstaller.action.INSTALL_PROFILE" />
286-->[androidx.profileinstaller:profileinstaller:1.3.0] AndroidManifest.xml:41:17-91
286-->[androidx.profileinstaller:profileinstaller:1.3.0] AndroidManifest.xml:41:25-88
287            </intent-filter>
288            <intent-filter>
288-->[androidx.profileinstaller:profileinstaller:1.3.0] AndroidManifest.xml:43:13-45:29
289                <action android:name="androidx.profileinstaller.action.SKIP_FILE" />
289-->[androidx.profileinstaller:profileinstaller:1.3.0] AndroidManifest.xml:44:17-85
289-->[androidx.profileinstaller:profileinstaller:1.3.0] AndroidManifest.xml:44:25-82
290            </intent-filter>
291            <intent-filter>
291-->[androidx.profileinstaller:profileinstaller:1.3.0] AndroidManifest.xml:46:13-48:29
292                <action android:name="androidx.profileinstaller.action.SAVE_PROFILE" />
292-->[androidx.profileinstaller:profileinstaller:1.3.0] AndroidManifest.xml:47:17-88
292-->[androidx.profileinstaller:profileinstaller:1.3.0] AndroidManifest.xml:47:25-85
293            </intent-filter>
294            <intent-filter>
294-->[androidx.profileinstaller:profileinstaller:1.3.0] AndroidManifest.xml:49:13-51:29